app/build/intermediates/manifest_merge_blame_file/debug/manifest-merger-blame-debug-report.txt
1<?xml version="1.0" encoding="utf-8"?>
2<manifest xmlns:android="http://schemas.android.com/apk/res/android"
3    package="com.example.fitnesstrackerandplanner"
4    android:versionCode="1"
5    android:versionName="1.0" >
6
7    <uses-sdk
7-->src/main/AndroidManifest.xml:11:5-72
8        android:minSdkVersion="26"
9        android:targetSdkVersion="34" />
10
11    <uses-permission android:name="android.permission.SCHEDULE_EXACT_ALARM" />
11-->src/main/AndroidManifest.xml:5:5-79
11-->src/main/AndroidManifest.xml:5:22-76
12    <uses-permission android:name="android.permission.POST_NOTIFICATIONS" />
12-->src/main/AndroidManifest.xml:6:5-77
12-->src/main/AndroidManifest.xml:6:22-74
13    <uses-permission android:name="android.permission.WRITE_EXTERNAL_STORAGE" />
13-->src/main/AndroidManifest.xml:7:5-81
13-->src/main/AndroidManifest.xml:7:22-78
14    <uses-permission android:name="android.permission.READ_EXTERNAL_STORAGE" />
14-->src/main/AndroidManifest.xml:8:5-80
14-->src/main/AndroidManifest.xml:8:22-77
15    <uses-permission android:name="android.permission.ACTIVITY_RECOGNITION" />
15-->src/main/AndroidManifest.xml:9:5-79
15-->src/main/AndroidManifest.xml:9:22-76
16    <uses-permission android:name="android.permission.BODY_SENSORS" />
16-->src/main/AndroidManifest.xml:10:5-71
16-->src/main/AndroidManifest.xml:10:22-68
17    <uses-permission android:name="android.permission.INTERNET" />
17-->src/main/AndroidManifest.xml:12:5-66
17-->src/main/AndroidManifest.xml:12:22-64
18    <uses-permission android:name="android.permission.health.READ_HEART_RATE" />
18-->src/main/AndroidManifest.xml:13:5-80
18-->src/main/AndroidManifest.xml:13:22-78
19    <uses-permission android:name="android.permission.health.WRITE_HEART_RATE" />
19-->src/main/AndroidManifest.xml:14:5-81
19-->src/main/AndroidManifest.xml:14:22-79
20    <uses-permission android:name="android.permission.health.READ_STEPS" />
20-->src/main/AndroidManifest.xml:15:5-75
20-->src/main/AndroidManifest.xml:15:22-73
21    <uses-permission android:name="android.permission.health.WRITE_STEPS" />
21-->src/main/AndroidManifest.xml:16:5-76
21-->src/main/AndroidManifest.xml:16:22-74
22    <uses-permission android:name="android.permission.health.READ_EXERCISE" />
22-->src/main/AndroidManifest.xml:17:5-78
22-->src/main/AndroidManifest.xml:17:22-76
23    <uses-permission android:name="android.permission.health.WRITE_EXERCISE" />
23-->src/main/AndroidManifest.xml:18:5-79
23-->src/main/AndroidManifest.xml:18:22-77
24    <uses-permission android:name="android.permission.health.READ_TOTAL_CALORIES_BURNED" />
24-->src/main/AndroidManifest.xml:19:5-91
24-->src/main/AndroidManifest.xml:19:22-89
25    <uses-permission android:name="android.permission.health.WRITE_TOTAL_CALORIES_BURNED" />
25-->src/main/AndroidManifest.xml:20:5-92
25-->src/main/AndroidManifest.xml:20:22-90
26    <uses-permission android:name="android.permission.health.READ_WEIGHT" />
26-->src/main/AndroidManifest.xml:21:5-76
26-->src/main/AndroidManifest.xml:21:22-74
27    <uses-permission android:name="android.permission.health.WRITE_WEIGHT" />
27-->src/main/AndroidManifest.xml:22:5-77
27-->src/main/AndroidManifest.xml:22:22-75
28    <uses-permission android:name="com.android.alarm.permission.SET_ALARM" />
28-->src/main/AndroidManifest.xml:23:5-77
28-->src/main/AndroidManifest.xml:23:22-75
29    <uses-permission android:name="android.permission.RECEIVE_BOOT_COMPLETED" />
29-->src/main/AndroidManifest.xml:24:5-80
29-->src/main/AndroidManifest.xml:24:22-78
30
31    <queries>
31-->src/main/AndroidManifest.xml:26:5-28:15
32        <package android:name="com.google.android.apps.healthdata" />
32-->src/main/AndroidManifest.xml:27:9-70
32-->src/main/AndroidManifest.xml:27:18-67
33        <package android:name="com.google.android.gms.policy_cast_dynamite" />
33-->[com.google.android.gms:play-services-cast-framework:21.2.0] AndroidManifest.xml:13:9-79
33-->[com.google.android.gms:play-services-cast-framework:21.2.0] AndroidManifest.xml:13:18-76
34        <package android:name="androidx.test.orchestrator" />
34-->[androidx.test:runner:1.5.0] AndroidManifest.xml:25:9-62
34-->[androidx.test:runner:1.5.0] AndroidManifest.xml:25:18-59
35        <package android:name="androidx.test.services" />
35-->[androidx.test:runner:1.5.0] AndroidManifest.xml:26:9-58
35-->[androidx.test:runner:1.5.0] AndroidManifest.xml:26:18-55
36        <package android:name="com.google.android.apps.common.testing.services" />
36-->[androidx.test:runner:1.5.0] AndroidManifest.xml:27:9-83
36-->[androidx.test:runner:1.5.0] AndroidManifest.xml:27:18-80
37    </queries>
38
39    <!-- This permission is required to start foreground services in Android P. -->
40    <uses-permission android:name="android.permission.FOREGROUND_SERVICE" />
40-->[com.google.android.gms:play-services-cast-framework:21.2.0] AndroidManifest.xml:10:5-77
40-->[com.google.android.gms:play-services-cast-framework:21.2.0] AndroidManifest.xml:10:22-74
41    <uses-permission android:name="android.permission.ACCESS_NETWORK_STATE" />
41-->[com.google.firebase:firebase-auth:23.0.0] AndroidManifest.xml:26:5-79
41-->[com.google.firebase:firebase-auth:23.0.0] AndroidManifest.xml:26:22-76
42    <uses-permission android:name="com.google.android.providers.gsf.permission.READ_GSERVICES" />
42-->[com.google.android.recaptcha:recaptcha:18.4.0] AndroidManifest.xml:9:5-98
42-->[com.google.android.recaptcha:recaptcha:18.4.0] AndroidManifest.xml:9:22-95
43
44    <permission
44-->[androidx.core:core:1.13.1] AndroidManifest.xml:22:5-24:47
45        android:name="com.example.fitnesstrackerandplanner.DYNAMIC_RECEIVER_NOT_EXPORTED_PERMISSION"
45-->[androidx.core:core:1.13.1] AndroidManifest.xml:23:9-81
46        android:protectionLevel="signature" />
46-->[androidx.core:core:1.13.1] AndroidManifest.xml:24:9-44
47
48    <uses-permission android:name="com.example.fitnesstrackerandplanner.DYNAMIC_RECEIVER_NOT_EXPORTED_PERMISSION" />
48-->[androidx.core:core:1.13.1] AndroidManifest.xml:26:5-97
48-->[androidx.core:core:1.13.1] AndroidManifest.xml:26:22-94
49    <uses-permission android:name="android.permission.REORDER_TASKS" />
49-->[androidx.test:core:1.5.0] AndroidManifest.xml:24:5-72
49-->[androidx.test:core:1.5.0] AndroidManifest.xml:24:22-69
50
51    <application
51-->src/main/AndroidManifest.xml:29:5-56:19
52        android:allowBackup="true"
52-->src/main/AndroidManifest.xml:31:9-35
53        android:appComponentFactory="androidx.core.app.CoreComponentFactory"
53-->[androidx.core:core:1.13.1] AndroidManifest.xml:28:18-86
54        android:dataExtractionRules="@xml/data_extraction_rules"
54-->src/main/AndroidManifest.xml:32:9-65
55        android:debuggable="true"
56        android:extractNativeLibs="false"
57        android:fullBackupContent="@xml/backup_rules"
57-->src/main/AndroidManifest.xml:33:9-54
58        android:icon="@drawable/dumbell_splash"
58-->src/main/AndroidManifest.xml:34:9-48
59        android:label="@string/app_name"
59-->src/main/AndroidManifest.xml:35:9-41
60        android:roundIcon="@drawable/dumbell_splash"
60-->src/main/AndroidManifest.xml:36:9-53
61        android:supportsRtl="true"
61-->src/main/AndroidManifest.xml:37:9-35
62        android:testOnly="true"
63        android:theme="@style/Theme.FitnessTrackerSplashScreen" >
63-->src/main/AndroidManifest.xml:38:9-64
64        <activity
64-->src/main/AndroidManifest.xml:41:9-54:20
65            android:name="com.example.fitnesstrackerandplanner.MainActivity"
65-->src/main/AndroidManifest.xml:42:13-41
66            android:exported="true"
66-->src/main/AndroidManifest.xml:43:13-36
67            android:label="@string/app_name"
67-->src/main/AndroidManifest.xml:44:13-45
68            android:theme="@style/Theme.FitnessTrackerSplashScreen" >
68-->src/main/AndroidManifest.xml:45:13-68
69            <intent-filter>
69-->src/main/AndroidManifest.xml:46:13-53:29
70                <action android:name="android.intent.action.MAIN" />
70-->src/main/AndroidManifest.xml:47:17-69
70-->src/main/AndroidManifest.xml:47:25-66
71
72                <category android:name="android.intent.category.LAUNCHER" />
72-->src/main/AndroidManifest.xml:49:17-77
72-->src/main/AndroidManifest.xml:49:27-74
73                <!-- TODO: Add intent filter to handle permission rationale intent -->
74                <action android:name="androidx.health.ACTION_SHOW_PERMISSIONS_RATIONALE" />
74-->src/main/AndroidManifest.xml:51:17-92
74-->src/main/AndroidManifest.xml:51:25-89
75            </intent-filter>
76        </activity>
77
78        <service
78-->[androidx.health.connect:connect-client:1.0.0-alpha11] AndroidManifest.xml:24:9-32:19
79            android:name="androidx.health.platform.client.impl.sdkservice.HealthDataSdkService"
79-->[androidx.health.connect:connect-client:1.0.0-alpha11] AndroidManifest.xml:25:13-96
80            android:enabled="true"
80-->[androidx.health.connect:connect-client:1.0.0-alpha11] AndroidManifest.xml:26:13-35
81            android:exported="true" >
81-->[androidx.health.connect:connect-client:1.0.0-alpha11] AndroidManifest.xml:27:13-36
82            <intent-filter>
82-->[androidx.health.connect:connect-client:1.0.0-alpha11] AndroidManifest.xml:29:13-31:29
83                <action android:name="androidx.health.platform.client.ACTION_BIND_SDK_SERVICE" />
83-->[androidx.health.connect:connect-client:1.0.0-alpha11] AndroidManifest.xml:30:17-98
83-->[androidx.health.connect:connect-client:1.0.0-alpha11] AndroidManifest.xml:30:25-95
84            </intent-filter>
85        </service>
86
87        <receiver
87-->[com.google.android.gms:play-services-cast-framework:21.2.0] AndroidManifest.xml:17:9-19:40
88            android:name="com.google.android.gms.cast.framework.media.MediaIntentReceiver"
88-->[com.google.android.gms:play-services-cast-framework:21.2.0] AndroidManifest.xml:18:13-91
89            android:exported="false" />
89-->[com.google.android.gms:play-services-cast-framework:21.2.0] AndroidManifest.xml:19:13-37
90
91        <service
91-->[com.google.android.gms:play-services-cast-framework:21.2.0] AndroidManifest.xml:21:9-24:61
92            android:name="com.google.android.gms.cast.framework.media.MediaNotificationService"
92-->[com.google.android.gms:play-services-cast-framework:21.2.0] AndroidManifest.xml:22:13-96
93            android:exported="false"
93-->[com.google.android.gms:play-services-cast-framework:21.2.0] AndroidManifest.xml:23:13-37
94            android:foregroundServiceType="mediaPlayback" />
94-->[com.google.android.gms:play-services-cast-framework:21.2.0] AndroidManifest.xml:24:13-58
95        <service
95-->[com.google.android.gms:play-services-cast-framework:21.2.0] AndroidManifest.xml:25:9-27:40
96            android:name="com.google.android.gms.cast.framework.ReconnectionService"
96-->[com.google.android.gms:play-services-cast-framework:21.2.0] AndroidManifest.xml:26:13-85
97            android:exported="false" />
97-->[com.google.android.gms:play-services-cast-framework:21.2.0] AndroidManifest.xml:27:13-37
98
99        <activity
99-->[com.google.firebase:firebase-auth:23.0.0] AndroidManifest.xml:29:9-46:20
100            android:name="com.google.firebase.auth.internal.GenericIdpActivity"
100-->[com.google.firebase:firebase-auth:23.0.0] AndroidManifest.xml:30:13-80
101            android:excludeFromRecents="true"
101-->[com.google.firebase:firebase-auth:23.0.0] AndroidManifest.xml:31:13-46
102            android:exported="true"
102-->[com.google.firebase:firebase-auth:23.0.0] AndroidManifest.xml:32:13-36
103            android:launchMode="singleTask"
103-->[com.google.firebase:firebase-auth:23.0.0] AndroidManifest.xml:33:13-44
104            android:theme="@android:style/Theme.Translucent.NoTitleBar" >
104-->[com.google.firebase:firebase-auth:23.0.0] AndroidManifest.xml:34:13-72
105            <intent-filter>
105-->[com.google.firebase:firebase-auth:23.0.0] AndroidManifest.xml:35:13-45:29
106                <action android:name="android.intent.action.VIEW" />
106-->[com.google.firebase:firebase-auth:23.0.0] AndroidManifest.xml:36:17-69
106-->[com.google.firebase:firebase-auth:23.0.0] AndroidManifest.xml:36:25-66
107
108                <category android:name="android.intent.category.DEFAULT" />
108-->[com.google.firebase:firebase-auth:23.0.0] AndroidManifest.xml:38:17-76
108-->[com.google.firebase:firebase-auth:23.0.0] AndroidManifest.xml:38:27-73
109                <category android:name="android.intent.category.BROWSABLE" />
109-->[com.google.firebase:firebase-auth:23.0.0] AndroidManifest.xml:39:17-78
109-->[com.google.firebase:firebase-auth:23.0.0] AndroidManifest.xml:39:27-75
110
111                <data
111-->[com.google.firebase:firebase-auth:23.0.0] AndroidManifest.xml:41:17-44:51
112                    android:host="firebase.auth"
112-->[com.google.firebase:firebase-auth:23.0.0] AndroidManifest.xml:42:21-49
113                    android:path="/"
113-->[com.google.firebase:firebase-auth:23.0.0] AndroidManifest.xml:43:21-37
114                    android:scheme="genericidp" />
114-->[com.google.firebase:firebase-auth:23.0.0] AndroidManifest.xml:44:21-48
115            </intent-filter>
116        </activity>
117        <activity
117-->[com.google.firebase:firebase-auth:23.0.0] AndroidManifest.xml:47:9-64:20
118            android:name="com.google.firebase.auth.internal.RecaptchaActivity"
118-->[com.google.firebase:firebase-auth:23.0.0] AndroidManifest.xml:48:13-79
119            android:excludeFromRecents="true"
119-->[com.google.firebase:firebase-auth:23.0.0] AndroidManifest.xml:49:13-46
120            android:exported="true"
120-->[com.google.firebase:firebase-auth:23.0.0] AndroidManifest.xml:50:13-36
121            android:launchMode="singleTask"
121-->[com.google.firebase:firebase-auth:23.0.0] AndroidManifest.xml:51:13-44
122            android:theme="@android:style/Theme.Translucent.NoTitleBar" >
122-->[com.google.firebase:firebase-auth:23.0.0] AndroidManifest.xml:52:13-72
123            <intent-filter>
123-->[com.google.firebase:firebase-auth:23.0.0] AndroidManifest.xml:53:13-63:29
124                <action android:name="android.intent.action.VIEW" />
124-->[com.google.firebase:firebase-auth:23.0.0] AndroidManifest.xml:36:17-69
124-->[com.google.firebase:firebase-auth:23.0.0] AndroidManifest.xml:36:25-66
125
126                <category android:name="android.intent.category.DEFAULT" />
126-->[com.google.firebase:firebase-auth:23.0.0] AndroidManifest.xml:38:17-76
126-->[com.google.firebase:firebase-auth:23.0.0] AndroidManifest.xml:38:27-73
127                <category android:name="android.intent.category.BROWSABLE" />
127-->[com.google.firebase:firebase-auth:23.0.0] AndroidManifest.xml:39:17-78
127-->[com.google.firebase:firebase-auth:23.0.0] AndroidManifest.xml:39:27-75
128
129                <data
129-->[com.google.firebase:firebase-auth:23.0.0] AndroidManifest.xml:41:17-44:51
130                    android:host="firebase.auth"
130-->[com.google.firebase:firebase-auth:23.0.0] AndroidManifest.xml:42:21-49
131                    android:path="/"
131-->[com.google.firebase:firebase-auth:23.0.0] AndroidManifest.xml:43:21-37
132                    android:scheme="recaptcha" />
132-->[com.google.firebase:firebase-auth:23.0.0] AndroidManifest.xml:44:21-48
133            </intent-filter>
134        </activity>
135
136        <service
136-->[com.google.firebase:firebase-auth:23.0.0] AndroidManifest.xml:66:9-72:19
137            android:name="com.google.firebase.components.ComponentDiscoveryService"
137-->[com.google.firebase:firebase-auth:23.0.0] AndroidManifest.xml:67:13-84
138            android:directBootAware="true"
138-->[com.google.firebase:firebase-common:21.0.0] AndroidManifest.xml:32:13-43
139            android:exported="false" >
139-->[com.google.firebase:firebase-auth:23.0.0] AndroidManifest.xml:68:13-37
140            <meta-data
140-->[com.google.firebase:firebase-auth:23.0.0] AndroidManifest.xml:69:13-71:85
141                android:name="com.google.firebase.components:com.google.firebase.auth.FirebaseAuthRegistrar"
141-->[com.google.firebase:firebase-auth:23.0.0] AndroidManifest.xml:70:17-109
142                android:value="com.google.firebase.components.ComponentRegistrar" />
142-->[com.google.firebase:firebase-auth:23.0.0] AndroidManifest.xml:71:17-82
143            <meta-data
143-->[com.google.firebase:firebase-firestore:25.0.0] AndroidManifest.xml:17:13-19:85
144                android:name="com.google.firebase.components:com.google.firebase.firestore.FirebaseFirestoreKtxRegistrar"
144-->[com.google.firebase:firebase-firestore:25.0.0] AndroidManifest.xml:18:17-122
145                android:value="com.google.firebase.components.ComponentRegistrar" />
145-->[com.google.firebase:firebase-firestore:25.0.0] AndroidManifest.xml:19:17-82
146            <meta-data
146-->[com.google.firebase:firebase-firestore:25.0.0] AndroidManifest.xml:20:13-22:85
147                android:name="com.google.firebase.components:com.google.firebase.firestore.FirestoreRegistrar"
147-->[com.google.firebase:firebase-firestore:25.0.0] AndroidManifest.xml:21:17-111
148                android:value="com.google.firebase.components.ComponentRegistrar" />
148-->[com.google.firebase:firebase-firestore:25.0.0] AndroidManifest.xml:22:17-82
149            <meta-data
149-->[com.google.firebase:firebase-database-ktx:21.0.0] AndroidManifest.xml:12:13-14:85
150                android:name="com.google.firebase.components:com.google.firebase.database.ktx.FirebaseDatabaseLegacyRegistrar"
150-->[com.google.firebase:firebase-database-ktx:21.0.0] AndroidManifest.xml:13:17-127
151                android:value="com.google.firebase.components.ComponentRegistrar" />
151-->[com.google.firebase:firebase-database-ktx:21.0.0] AndroidManifest.xml:14:17-82
152            <meta-data
152-->[com.google.firebase:firebase-database:21.0.0] AndroidManifest.xml:29:13-31:85
153                android:name="com.google.firebase.components:com.google.firebase.database.FirebaseDatabaseKtxRegistrar"
153-->[com.google.firebase:firebase-database:21.0.0] AndroidManifest.xml:30:17-120
154                android:value="com.google.firebase.components.ComponentRegistrar" />
154-->[com.google.firebase:firebase-database:21.0.0] AndroidManifest.xml:31:17-82
155            <meta-data
155-->[com.google.firebase:firebase-database:21.0.0] AndroidManifest.xml:32:13-34:85
156                android:name="com.google.firebase.components:com.google.firebase.database.DatabaseRegistrar"
156-->[com.google.firebase:firebase-database:21.0.0] AndroidManifest.xml:33:17-109
157                android:value="com.google.firebase.components.ComponentRegistrar" />
157-->[com.google.firebase:firebase-database:21.0.0] AndroidManifest.xml:34:17-82
158            <meta-data
158-->[com.google.firebase:firebase-common-ktx:21.0.0] AndroidManifest.xml:12:13-14:85
159                android:name="com.google.firebase.components:com.google.firebase.ktx.FirebaseCommonLegacyRegistrar"
159-->[com.google.firebase:firebase-common-ktx:21.0.0] AndroidManifest.xml:13:17-116
160                android:value="com.google.firebase.components.ComponentRegistrar" />
160-->[com.google.firebase:firebase-common-ktx:21.0.0] AndroidManifest.xml:14:17-82
161            <meta-data
161-->[com.google.firebase:firebase-common:21.0.0] AndroidManifest.xml:35:13-37:85
162                android:name="com.google.firebase.components:com.google.firebase.FirebaseCommonKtxRegistrar"
162-->[com.google.firebase:firebase-common:21.0.0] AndroidManifest.xml:36:17-109
163                android:value="com.google.firebase.components.ComponentRegistrar" />
163-->[com.google.firebase:firebase-common:21.0.0] AndroidManifest.xml:37:17-82
164        </service>
165
166        <provider
166-->[com.google.firebase:firebase-common:21.0.0] AndroidManifest.xml:23:9-28:39
167            android:name="com.google.firebase.provider.FirebaseInitProvider"
167-->[com.google.firebase:firebase-common:21.0.0] AndroidManifest.xml:24:13-77
168            android:authorities="com.example.fitnesstrackerandplanner.firebaseinitprovider"
168-->[com.google.firebase:firebase-common:21.0.0] AndroidManifest.xml:25:13-72
169            android:directBootAware="true"
169-->[com.google.firebase:firebase-common:21.0.0] AndroidManifest.xml:26:13-43
170            android:exported="false"
170-->[com.google.firebase:firebase-common:21.0.0] AndroidManifest.xml:27:13-37
171            android:initOrder="100" />
171-->[com.google.firebase:firebase-common:21.0.0] AndroidManifest.xml:28:13-36
172
173        <service
173-->[androidx.credentials:credentials-play-services-auth:1.2.0-rc01] AndroidManifest.xml:24:9-32:19
174            android:name="androidx.credentials.playservices.CredentialProviderMetadataHolder"
174-->[androidx.credentials:credentials-play-services-auth:1.2.0-rc01] AndroidManifest.xml:25:13-94
175            android:enabled="true"
175-->[androidx.credentials:credentials-play-services-auth:1.2.0-rc01] AndroidManifest.xml:26:13-35
176            android:exported="false" >
176-->[androidx.credentials:credentials-play-services-auth:1.2.0-rc01] AndroidManifest.xml:27:13-37
177            <meta-data
177-->[androidx.credentials:credentials-play-services-auth:1.2.0-rc01] AndroidManifest.xml:29:13-31:104
178                android:name="androidx.credentials.CREDENTIAL_PROVIDER_KEY"
178-->[androidx.credentials:credentials-play-services-auth:1.2.0-rc01] AndroidManifest.xml:30:17-76
179                android:value="androidx.credentials.playservices.CredentialProviderPlayServicesImpl" />
179-->[androidx.credentials:credentials-play-services-auth:1.2.0-rc01] AndroidManifest.xml:31:17-101
180        </service>
181
182        <activity
182-->[androidx.credentials:credentials-play-services-auth:1.2.0-rc01] AndroidManifest.xml:34:9-41:20
183            android:name="androidx.credentials.playservices.HiddenActivity"
183-->[androidx.credentials:credentials-play-services-auth:1.2.0-rc01] AndroidManifest.xml:35:13-76
184            android:configChanges="orientation|screenSize|screenLayout|keyboardHidden"
184-->[androidx.credentials:credentials-play-services-auth:1.2.0-rc01] AndroidManifest.xml:36:13-87
185            android:enabled="true"
185-->[androidx.credentials:credentials-play-services-auth:1.2.0-rc01] AndroidManifest.xml:37:13-35
186            android:exported="false"
186-->[androidx.credentials:credentials-play-services-auth:1.2.0-rc01] AndroidManifest.xml:38:13-37
187            android:fitsSystemWindows="true"
187-->[androidx.credentials:credentials-play-services-auth:1.2.0-rc01] AndroidManifest.xml:39:13-45
188            android:theme="@style/Theme.Hidden" >
188-->[androidx.credentials:credentials-play-services-auth:1.2.0-rc01] AndroidManifest.xml:40:13-48
189        </activity>
190        <activity
190-->[com.google.android.gms:play-services-auth:20.7.0] AndroidManifest.xml:23:9-27:75
191            android:name="com.google.android.gms.auth.api.signin.internal.SignInHubActivity"
191-->[com.google.android.gms:play-services-auth:20.7.0] AndroidManifest.xml:24:13-93
192            android:excludeFromRecents="true"
192-->[com.google.android.gms:play-services-auth:20.7.0] AndroidManifest.xml:25:13-46
193            android:exported="false"
193-->[com.google.android.gms:play-services-auth:20.7.0] AndroidManifest.xml:26:13-37
194            android:theme="@android:style/Theme.Translucent.NoTitleBar" />
194-->[com.google.android.gms:play-services-auth:20.7.0] AndroidManifest.xml:27:13-72
195        <!--
196            Service handling Google Sign-In user revocation. For apps that do not integrate with
197            Google Sign-In, this service will never be started.
198        -->
199        <service
199-->[com.google.android.gms:play-services-auth:20.7.0] AndroidManifest.xml:33:9-37:51
200            android:name="com.google.android.gms.auth.api.signin.RevocationBoundService"
200-->[com.google.android.gms:play-services-auth:20.7.0] AndroidManifest.xml:34:13-89
201            android:exported="true"
201-->[com.google.android.gms:play-services-auth:20.7.0] AndroidManifest.xml:35:13-36
202            android:permission="com.google.android.gms.auth.api.signin.permission.REVOCATION_NOTIFICATION"
202-->[com.google.android.gms:play-services-auth:20.7.0] AndroidManifest.xml:36:13-107
203            android:visibleToInstantApps="true" />
203-->[com.google.android.gms:play-services-auth:20.7.0] AndroidManifest.xml:37:13-48
204
205        <activity
205-->[com.google.android.gms:play-services-base:18.1.0] AndroidManifest.xml:20:9-22:45
206            android:name="com.google.android.gms.common.api.GoogleApiActivity"
206-->[com.google.android.gms:play-services-base:18.1.0] AndroidManifest.xml:20:19-85
207            android:exported="false"
207-->[com.google.android.gms:play-services-base:18.1.0] AndroidManifest.xml:22:19-43
208            android:theme="@android:style/Theme.Translucent.NoTitleBar" />
208-->[com.google.android.gms:play-services-base:18.1.0] AndroidManifest.xml:21:19-78
209        <activity
209-->[androidx.compose.ui:ui-tooling-android:1.6.8] AndroidManifest.xml:23:9-25:39
210            android:name="androidx.compose.ui.tooling.PreviewActivity"
210-->[androidx.compose.ui:ui-tooling-android:1.6.8] AndroidManifest.xml:24:13-71
211            android:exported="true" />
211-->[androidx.compose.ui:ui-tooling-android:1.6.8] AndroidManifest.xml:25:13-36
212
213        <provider
213-->[androidx.emoji2:emoji2:1.3.0] AndroidManifest.xml:24:9-32:20
214            android:name="androidx.startup.InitializationProvider"
214-->[androidx.emoji2:emoji2:1.3.0] AndroidManifest.xml:25:13-67
215            android:authorities="com.example.fitnesstrackerandplanner.androidx-startup"
215-->[androidx.emoji2:emoji2:1.3.0] AndroidManifest.xml:26:13-68
216            android:exported="false" >
216-->[androidx.emoji2:emoji2:1.3.0] AndroidManifest.xml:27:13-37
217            <meta-data
217-->[androidx.emoji2:emoji2:1.3.0] AndroidManifest.xml:29:13-31:52
218                android:name="androidx.emoji2.text.EmojiCompatInitializer"
218-->[androidx.emoji2:emoji2:1.3.0] AndroidManifest.xml:30:17-75
219                android:value="androidx.startup" />
219-->[androidx.emoji2:emoji2:1.3.0] AndroidManifest.xml:31:17-49
220            <meta-data
220-->[androidx.lifecycle:lifecycle-process:2.8.0] AndroidManifest.xml:29:13-31:52
221                android:name="androidx.lifecycle.ProcessLifecycleInitializer"
221-->[androidx.lifecycle:lifecycle-process:2.8.0] AndroidManifest.xml:30:17-78
222                android:value="androidx.startup" />
222-->[androidx.lifecycle:lifecycle-process:2.8.0] AndroidManifest.xml:31:17-49
223            <meta-data
223-->[androidx.profileinstaller:profileinstaller:1.3.1] AndroidManifest.xml:29:13-31:52
224                android:name="androidx.profileinstaller.ProfileInstallerInitializer"
224-->[androidx.profileinstaller:profileinstaller:1.3.1] AndroidManifest.xml:30:17-85
225                android:value="androidx.startup" />
225-->[androidx.profileinstaller:profileinstaller:1.3.1] AndroidManifest.xml:31:17-49
226        </provider>
227
228        <activity
228-->[androidx.test:core:1.5.0] AndroidManifest.xml:27:9-34:20
229            android:name="androidx.test.core.app.InstrumentationActivityInvoker$BootstrapActivity"
229-->[androidx.test:core:1.5.0] AndroidManifest.xml:28:13-99
230            android:exported="true"
230-->[androidx.test:core:1.5.0] AndroidManifest.xml:29:13-36
231            android:theme="@style/WhiteBackgroundTheme" >
231-->[androidx.test:core:1.5.0] AndroidManifest.xml:30:13-56
232            <intent-filter android:priority="-100" >
232-->[androidx.test:core:1.5.0] AndroidManifest.xml:31:13-33:29
232-->[androidx.test:core:1.5.0] AndroidManifest.xml:31:28-51
233                <category android:name="android.intent.category.LAUNCHER" />
233-->src/main/AndroidManifest.xml:49:17-77
233-->src/main/AndroidManifest.xml:49:27-74
234            </intent-filter>
235        </activity>
236        <activity
236-->[androidx.test:core:1.5.0] AndroidManifest.xml:35:9-42:20
237            android:name="androidx.test.core.app.InstrumentationActivityInvoker$EmptyActivity"
237-->[androidx.test:core:1.5.0] AndroidManifest.xml:36:13-95
238            android:exported="true"
238-->[androidx.test:core:1.5.0] AndroidManifest.xml:37:13-36
239            android:theme="@style/WhiteBackgroundTheme" >
239-->[androidx.test:core:1.5.0] AndroidManifest.xml:38:13-56
240            <intent-filter android:priority="-100" >
240-->[androidx.test:core:1.5.0] AndroidManifest.xml:31:13-33:29
240-->[androidx.test:core:1.5.0] AndroidManifest.xml:31:28-51
241                <category android:name="android.intent.category.LAUNCHER" />
241-->src/main/AndroidManifest.xml:49:17-77
241-->src/main/AndroidManifest.xml:49:27-74
242            </intent-filter>
243        </activity>
244        <activity
244-->[androidx.test:core:1.5.0] AndroidManifest.xml:43:9-50:20
245            android:name="androidx.test.core.app.InstrumentationActivityInvoker$EmptyFloatingActivity"
245-->[androidx.test:core:1.5.0] AndroidManifest.xml:44:13-103
246            android:exported="true"
246-->[androidx.test:core:1.5.0] AndroidManifest.xml:45:13-36
247            android:theme="@style/WhiteBackgroundDialogTheme" >
247-->[androidx.test:core:1.5.0] AndroidManifest.xml:46:13-62
248            <intent-filter android:priority="-100" >
248-->[androidx.test:core:1.5.0] AndroidManifest.xml:31:13-33:29
248-->[androidx.test:core:1.5.0] AndroidManifest.xml:31:28-51
249                <category android:name="android.intent.category.LAUNCHER" />
249-->src/main/AndroidManifest.xml:49:17-77
249-->src/main/AndroidManifest.xml:49:27-74
250            </intent-filter>
251        </activity>
252
253        <meta-data
253-->[com.google.android.gms:play-services-basement:18.3.0] AndroidManifest.xml:21:9-23:69
254            android:name="com.google.android.gms.version"